2025-05-10 14:48:16,059 - __main__ - INFO - Starting YouTube video finder...
2025-05-10 14:48:27,904 - __main__ - INFO - User query: nature
2025-05-10 14:48:29,110 - __main__ - INFO - YouTube search results:
2025-05-10 14:48:29,197 - __main__ - INFO - Video ID: O1MOZUnP29w, Title: shree swami samarth 643 #shortsfeed #shortvideo #nature #swamisamarthamajhiaai #ytshortsindia
2025-05-10 14:48:29,221 - __main__ - INFO - Video ID: bPTlGEMfHm0, Title: Mango season is the #happiness #time #nature #gift #mango #fruit #farming  #soil #change to #tasty
2025-05-10 14:48:29,242 - __main__ - INFO - Video ID: fXzt81cT_sA, Title: Nature Shorts: Abandoned Tractor #trending #youtubeshorts #wow
2025-05-10 14:48:29,250 - __main__ - INFO - Video ID: NUTtxtvpfgw, Title: Places On Earth That Don&#39;t Feel Real #travel #nature #adventure #explorepage
2025-05-10 14:48:29,251 - __main__ - INFO - Video ID: p73u_CI6VRQ, Title: Rain Sounds For Sleeping - 99% Instantly Fall Asleep With Rain And Thunder Sound At Night
2025-05-10 14:48:29,251 - __main__ - INFO - Video ID: LrcWELKN9yY, Title: Mother bird of paradise Sheltering HerChicks from the Rain #nature#mother #birds #parrot #shorts#owl
2025-05-10 14:48:29,253 - __main__ - INFO - Video ID: DfD4sgBILV0, Title: Prince Harry and kids explore nature #nature #explore #wildlife #happy #fun #cute #animals #family
2025-05-10 14:48:29,254 - __main__ - INFO - Video ID: oD4zIpRxJjQ, Title: Nature Shorts: Mysterious Train | Amazing Scenery #youtubeshorts #horror
2025-05-10 14:48:29,261 - __main__ - INFO - Video ID: 5O_IsZbbSu8, Title: Early Signs Of Spring In North Of Sweden #seasons #spring #nature #naturelover #outdoorwalks
2025-05-10 14:48:29,261 - __main__ - INFO - Video ID: uoJIh8jdTTA, Title: [Pt-78] Fish catching video #nature #fishing
2025-05-10 14:48:29,261 - __main__ - INFO - Video ID: tABJMWB0-gk, Title: Nature Shorts: Amazing Exploration | Abandoned Tractor #shorts #horror
2025-05-10 14:48:29,261 - __main__ - INFO - Video ID: zT-uC2TnikU, Title: Falcon ne pasa palta #birds #wildlife #nature #shortvideo #support #animals #views #new #shotrs #fyp
2025-05-10 14:48:29,263 - __main__ - INFO - Video ID: UR8avcyiA7Y, Title: Nature Shorts: Mysterious Art of Amazon Rainforest #shorts #horror #train
2025-05-10 14:48:29,301 - __main__ - INFO - Video ID: aIj4csWVA1U, Title: The prairie dog has rediscovered its true nature#shorts #prairiedog #cute #family
2025-05-10 14:48:29,302 - __main__ - INFO - Video ID: mW8AC4KhnLg, Title: Nature Shorts: Mysterious in the Jungle #shorts #horror #trending #art
2025-05-10 14:48:29,311 - __main__ - INFO - Video ID: ifAywgLqa-4, Title: Nature Shorts: Abandoned Bus Exploration #trending #youtubeshorts
2025-05-10 14:48:29,311 - __main__ - INFO - Video ID: vH-28BwuBjc, Title: place on earth don&#39;t feel real  #relax #explore #nature #shorts #shorts
2025-05-10 14:48:29,347 - __main__ - INFO - Video ID: ml9oh8USBao, Title: Chewing Juicy Branches in the Mountains #wildlife #eating #goat #nature
2025-05-10 14:48:29,353 - __main__ - INFO - Video ID: 5eeQfEAwg3U, Title: Nature Shorts: Jungle Mysteries #shorts #horror #train #youtubeshorts
2025-05-10 14:50:25,711 - __main__ - INFO - Starting YouTube video finder...
2025-05-10 14:50:39,563 - __main__ - ERROR - Could not recognize speech.
2025-05-10 14:50:39,573 - __main__ - ERROR - No query provided.
2025-05-10 14:53:44,375 - __main__ - INFO - Starting YouTube video finder...
2025-05-10 14:53:57,768 - __main__ - INFO - YouTube search results:
2025-05-10 14:53:57,768 - __main__ - INFO - Video ID: LrcWELKN9yY, Title: Mother bird of paradise Sheltering HerChicks from the Rain #nature#mother #birds #parrot #shorts#owl
2025-05-10 14:53:57,781 - __main__ - INFO - Video ID: fXzt81cT_sA, Title: Nature Shorts: Abandoned Tractor #trending #youtubeshorts #wow
2025-05-10 14:53:57,785 - __main__ - INFO - Video ID: utSJmqykrYc, Title: When Nature Gets Angry
2025-05-10 14:53:57,785 - __main__ - INFO - Video ID: oD4zIpRxJjQ, Title: Nature Shorts: Mysterious Train | Amazing Scenery #youtubeshorts #horror
2025-05-10 14:53:57,785 - __main__ - INFO - Video ID: uoJIh8jdTTA, Title: [Pt-78] Fish catching video #nature #fishing
2025-05-10 14:53:57,790 - __main__ - INFO - Video ID: tABJMWB0-gk, Title: Nature Shorts: Amazing Exploration | Abandoned Tractor #shorts #horror
2025-05-10 14:53:57,790 - __main__ - INFO - Video ID: UR8avcyiA7Y, Title: Nature Shorts: Mysterious Art of Amazon Rainforest #shorts #horror #train
2025-05-10 14:53:57,808 - __main__ - INFO - Video ID: QgqhQjH6_a8, Title: [Pt-81] Fish catching video #nature #fishing
2025-05-10 14:53:57,812 - __main__ - INFO - Video ID: fIT0c_eLPJQ, Title: Layered with love and leaves #art #eco #painting #ecoprint #diy #nature #handmade #ecoprinting
2025-05-10 14:53:57,818 - __main__ - INFO - Video ID: DfD4sgBILV0, Title: Prince Harry and kids explore nature #nature #explore #wildlife #happy #fun #cute #animals #family
2025-05-10 14:53:57,818 - __main__ - INFO - Video ID: Nh9Fdd3SB8U, Title: #garden #gardenplants #nature #youtubeshorts #plants #gardening #gardeningtips
2025-05-10 14:53:57,818 - __main__ - INFO - Video ID: p93Apy7cNf4, Title: The Deer and the Flowers #Deer #flower #jungle #nature #wildlife #nikon
2025-05-10 14:53:57,819 - __main__ - INFO - Video ID: VMEe7ZIPH7A, Title: [Pt-80] Fish catching video #nature #fishing
2025-05-10 14:53:57,825 - __main__ - INFO - Video ID: KjyDM1HoLZQ, Title: Every Detail of Nature Whispers God’s Name
2025-05-10 14:53:57,833 - __main__ - INFO - Video ID: B7JX3iU2InE, Title: Unity - Nature Rain (Creativity Video)
2025-05-10 14:53:57,839 - __main__ - INFO - Video ID: ci6UR9Ysd7U, Title: Swat valley most beautiful place #egzonibrahimi #egzon #nature #mountains #kumratvalley #fypage
2025-05-10 14:53:57,845 - __main__ - INFO - Video ID: pUMIBgmRL6Q, Title: #travelvlog #nature #reels
2025-05-10 14:53:57,854 - __main__ - INFO - Video ID: dMASKAutMKc, Title: the largest shiny beetle I have ever beautifulinsects#jj123foundofitskind#insects#nature##bp123
2025-05-10 14:53:57,858 - __main__ - INFO - Video ID: wsASIfY0P8Y, Title: Mini Vlog 155#kokan #turtle #seaturtle #oliveridley #saveocean #nature #swanandisardesai
2025-05-10 14:53:57,858 - __main__ - INFO - Video ID: 5O_IsZbbSu8, Title: Early Signs Of Spring In North Of Sweden #seasons #spring #nature #naturelover #outdoorwalks
2025-05-10 14:53:57,858 - __main__ - INFO - Video ID: b48QxANqXYI, Title: Cute cat refuses to forget nature
2025-05-10 14:53:57,949 - __main__ - INFO - Video ID: mmDvQ4RqDOE, Title: Places on earth that Don&#39;t Feel real #travel #exploreadventure #nature #explorepage #explore
2025-05-10 14:53:57,958 - __main__ - INFO - Video ID: Qlzt3-thQXA, Title: Animal‘s warning signal to Human #rescue #wildliferescue #animals #rescueefforts #nature
2025-05-10 14:57:24,775 - __main__ - INFO - Starting YouTube video finder...
2025-05-10 14:57:36,032 - __main__ - INFO - YouTube search results:
2025-05-10 14:57:36,032 - __main__ - INFO - Video ID: LrcWELKN9yY, Title: Mother bird of paradise Sheltering HerChicks from the Rain #nature#mother #birds #parrot #shorts#owl
2025-05-10 14:57:36,040 - __main__ - INFO - Video ID: fXzt81cT_sA, Title: Nature Shorts: Abandoned Tractor #trending #youtubeshorts #wow
2025-05-10 14:57:36,040 - __main__ - INFO - Video ID: utSJmqykrYc, Title: When Nature Gets Angry
2025-05-10 14:57:36,048 - __main__ - INFO - Video ID: uoJIh8jdTTA, Title: [Pt-78] Fish catching video #nature #fishing
2025-05-10 14:57:36,048 - __main__ - INFO - Video ID: UR8avcyiA7Y, Title: Nature Shorts: Mysterious Art of Amazon Rainforest #shorts #horror #train
2025-05-10 14:57:36,056 - __main__ - INFO - Video ID: tABJMWB0-gk, Title: Nature Shorts: Amazing Exploration | Abandoned Tractor #shorts #horror
2025-05-10 14:57:36,068 - __main__ - INFO - Video ID: 5O_IsZbbSu8, Title: Early Signs Of Spring In North Of Sweden #seasons #spring #nature #naturelover #outdoorwalks
2025-05-10 14:57:36,069 - __main__ - INFO - Video ID: QgqhQjH6_a8, Title: [Pt-81] Fish catching video #nature #fishing
2025-05-10 14:57:36,081 - __main__ - INFO - Video ID: fIT0c_eLPJQ, Title: Layered with love and leaves #art #eco #painting #ecoprint #diy #nature #handmade #ecoprinting
2025-05-10 14:57:36,081 - __main__ - INFO - Video ID: p93Apy7cNf4, Title: The Deer and the Flowers #Deer #flower #jungle #nature #wildlife #nikon
2025-05-10 14:57:36,090 - __main__ - INFO - Video ID: DfD4sgBILV0, Title: Prince Harry and kids explore nature #nature #explore #wildlife #happy #fun #cute #animals #family
2025-05-10 14:57:36,090 - __main__ - INFO - Video ID: Nh9Fdd3SB8U, Title: #garden #gardenplants #nature #youtubeshorts #plants #gardening #gardeningtips
2025-05-10 14:57:36,100 - __main__ - INFO - Video ID: KjyDM1HoLZQ, Title: Every Detail of Nature Whispers God’s Name
2025-05-10 14:57:36,100 - __main__ - INFO - Video ID: VMEe7ZIPH7A, Title: [Pt-80] Fish catching video #nature #fishing
2025-05-10 14:57:36,116 - __main__ - INFO - Video ID: B7JX3iU2InE, Title: Unity - Nature Rain (Creativity Video)
2025-05-10 14:57:36,116 - __main__ - INFO - Video ID: pUMIBgmRL6Q, Title: #travelvlog #nature #reels
2025-05-10 14:57:36,131 - __main__ - INFO - Video ID: aIj4csWVA1U, Title: The prairie dog has rediscovered its true nature#shorts #prairiedog #cute #family
2025-05-10 14:57:36,132 - __main__ - INFO - Video ID: wsASIfY0P8Y, Title: Mini Vlog 155#kokan #turtle #seaturtle #oliveridley #saveocean #nature #swanandisardesai
2025-05-10 14:57:36,137 - __main__ - INFO - Video ID: dMASKAutMKc, Title: the largest shiny beetle I have ever beautifulinsects#jj123foundofitskind#insects#nature##bp123
2025-05-10 14:57:36,138 - __main__ - INFO - Video ID: mmDvQ4RqDOE, Title: Places on earth that Don&#39;t Feel real #travel #exploreadventure #nature #explorepage #explore
2025-05-10 14:57:36,138 - __main__ - INFO - Video ID: b48QxANqXYI, Title: Cute cat refuses to forget nature
2025-05-10 14:57:36,145 - __main__ - INFO - Video ID: htpoKmFfs2w, Title: The nature tner surourds us. #birds #shorts  #wildlife #nature
2025-05-10 14:57:36,149 - __main__ - INFO - Video ID: Jl0PFLzBEwY, Title: LUANGWA UNVEILED | Deep in the Valley of Hunters #naturedocumentaries | Wild Nature
2025-05-10 15:02:50,695 - __main__ - INFO - Starting YouTube video finder...
2025-05-10 15:03:02,974 - __main__ - INFO - YouTube search results:
2025-05-10 15:03:03,086 - __main__ - INFO - Video ID: C_wpUjCOKrk, Title: Chocobar Ice cream recipe #chocolate #icecream #youtubeshorts #shorts #trending #viral #ytshorts #yt
2025-05-10 15:03:03,119 - __main__ - INFO - Video ID: RSnmnliIX_8, Title: Chocolate Milk Ice Cream With Choco Syrup | #shortsviral #shortfeed #chocolate #icecream
2025-05-10 15:03:03,138 - __main__ - INFO - Video ID: fBsUJaM1IOE, Title: Kya Mila kar bnaya hai husband ko pta hi ni chala #shorts #bristihomekitchen #icecream
2025-05-10 15:03:03,138 - __main__ - INFO - Video ID: 5pqQHRi8e5Q, Title: INI SEBENARNYA ES KRIM ATAU JELLY !!??
2025-05-10 15:03:03,166 - __main__ - INFO - Video ID: Xo_nNAeQhYs, Title: Rainbow Ice cream recipe #trending #icecream #youtubeshorts #viral #shorts #cake #recipe #ytshorts
2025-05-10 15:03:03,170 - __main__ - INFO - Video ID: Y_WqDdz3zNc, Title: Ice cream walla #shorts
2025-05-10 15:03:03,207 - __main__ - INFO - Video ID: 2w7Wev0bW-8, Title: America&#39;s slime ice cream #shortsvideo
2025-05-10 15:03:03,218 - __main__ - INFO - Video ID: iLPtAFe8i-w, Title: SUKA ES KRIM RASA APA KAK? #makan #mukbang #jajanan
2025-05-10 15:03:03,218 - __main__ - INFO - Video ID: xDRstVC0mkY, Title: Ice Cream in 2 Rupees #shorts
2025-05-10 15:03:03,233 - __main__ - INFO - Video ID: bW0AeXX92dw, Title: BERBAGI ES KRIM MELON
2025-05-10 15:03:03,256 - __main__ - INFO - Video ID: TK9Gchb9nqk, Title: BERBAGI RASA ES KRIM PELANGI
2025-05-10 15:03:03,256 - __main__ - INFO - Video ID: vK_bKy259G8, Title: BERBAGI ES KRIM UNGU
2025-05-10 15:03:03,260 - __main__ - INFO - Video ID: 8SfOxfLyZgw, Title: Bete Ki Favourite Chij Banayi #bristihomekitchen #shorts #mangoicecream
2025-05-10 15:03:03,260 - __main__ - INFO - Video ID: sE6AlmtL_ig, Title: How the ice cream machine tricks people #shorts
2025-05-10 15:03:03,260 - __main__ - INFO - Video ID: FszX-DdLiHU, Title: Bournville Crispello Dairymilk Big Chocolate Ice-cream #cartoon @secret_of_yum @foodieankit
2025-05-10 15:03:03,272 - __main__ - INFO - Video ID: 6OpduU1_rL0, Title: Trending Cornetto OREO #ritusculinaryarts #viralvideo
2025-05-10 15:07:22,214 - __main__ - INFO - Starting YouTube video finder...
2025-05-10 15:07:36,189 - __main__ - ERROR - Could not recognize speech.
2025-05-10 15:07:36,207 - __main__ - ERROR - No query provided.
2025-05-10 15:07:43,278 - __main__ - INFO - Starting YouTube video finder...
2025-05-10 15:07:58,159 - __main__ - INFO - YouTube search results:
2025-05-10 15:07:58,159 - __main__ - INFO - Video ID: YkIGHZp7eDo, Title: Cat Plays Fetch with the Dog
2025-05-10 15:07:58,159 - __main__ - INFO - Video ID: Vo30YgDMKYE, Title: Adorable Cat and Dog
2025-05-10 15:07:58,175 - __main__ - INFO - Video ID: BxzECDo8oKY, Title: Adorable Cat and Dog
2025-05-10 15:07:58,183 - __main__ - INFO - Video ID: 58269sNWF_s, Title: cat and dog best dance video,,,  #cat #dance #cutepet #petlovers #dog #puppyvideos
2025-05-10 15:07:58,183 - __main__ - INFO - Video ID: GA94NEWDG6o, Title: cat cats and dogs 2025 #shorts
2025-05-10 15:07:58,183 - __main__ - INFO - Video ID: t2FYaEQUm08, Title: The Wildest Fishing Trip Ever: Gorilla, Baby, Cat, and Dog vs. The River
2025-05-10 15:07:58,183 - __main__ - INFO - Video ID: Sl3IKgfvJ_o, Title: Cat and dog
2025-05-10 15:07:58,183 - __main__ - INFO - Video ID: Rf-bg-iDnQ4, Title: Funny cats and dog #catshorts #cat #funny #pets #kitty #kitten #catvideos #cats #dog #doglife #usa
2025-05-10 15:07:58,183 - __main__ - INFO - Video ID: dn2voGT8-OE, Title: Funny cat and dog#cat#dog#funny#pet#fyp
2025-05-10 15:07:58,192 - __main__ - INFO - Video ID: bLGsto92iG4, Title: Lovely Cat and Dog
2025-05-10 15:07:58,192 - __main__ - INFO - Video ID: 1_mPlSQI1Zg, Title: Adorable Cat and Dog
2025-05-10 15:07:58,199 - __main__ - INFO - Video ID: CUeZZNvfn7U, Title: Adorable Cat and Dog
2025-05-10 15:07:58,201 - __main__ - INFO - Video ID: -HCIZvLeQPo, Title: Shocking! You won’t believe what happened with the cat and dog....
2025-05-10 15:07:58,201 - __main__ - INFO - Video ID: RinkGoQ-w0A, Title: Cow, Cute Cat and Cute Dog? Which Animal Wears a Police Hat on a Police Dog? #dog  #cat #shorts
2025-05-10 15:07:58,204 - __main__ - INFO - Video ID: TvJFGKsMrYA, Title: Cute KITTEN and PUPPY funny videos short youtube cat v dog 8
2025-05-10 15:07:58,215 - __main__ - INFO - Video ID: GTPDiIDE0kQ, Title: The Real Difference Between Cats and Dogs Part 2
2025-05-10 15:07:58,226 - __main__ - INFO - Video ID: 8KzOAmJS-GU, Title: When Cats and Dogs Fall In Love
2025-05-10 15:07:58,226 - __main__ - INFO - Video ID: nXEozeI7Lns, Title: Cats and Dogs&#39; Box Maze Adventure
2025-05-10 15:07:58,227 - __main__ - INFO - Video ID: kDSUttpxJO8, Title: Cow, poor Cat Vs Dog cute? Which animal can get the police hat for HULD Dogs and its baby? #cat #dog
2025-05-10 15:07:58,229 - __main__ - INFO - Video ID: C6JkzSw3rT4, Title: The Earliest Show- Cats and Dogs
2025-05-10 15:07:58,229 - __main__ - INFO - Video ID: ksd0KoMS8u8, Title: I Drew a Mouse, Cat, and Dog in One Line - in 9 Seconds! Genius or Just a Gimmick? #dessin #pourtoi
2025-05-10 15:07:58,230 - __main__ - INFO - Video ID: f3fxUVi6UwY, Title: A Squirrel Raised by Cats and Dogs #help #animals #wildlife #love #cat #dog #shorts
2025-05-10 15:07:58,231 - __main__ - INFO - Video ID: 5_fyuJNVLXM, Title: Cats and dogs are good friends
2025-05-10 15:07:58,231 - __main__ - INFO - Video ID: 2IkLrNolvxU, Title: TUNG TUNG AND PINK CAT AND POLICE DOG WHO WILL FLY HIGHEST? #shorts #funny #trungtung
2025-05-10 15:07:58,238 - __main__ - INFO - Video ID: 4K4AagBFFp8, Title: Top Veterinarian Reveals Funniest Cat and Dog Moments
2025-05-10 15:07:58,242 - __main__ - INFO - Video ID: sKfAKowdBoo, Title: cat fight | ai video #ai #cat #dog #shorts
2025-05-10 15:07:58,242 - __main__ - INFO - Video ID: SCuEB68T8ZU, Title: Stray cats and dogs are no longer homeless#shorts #animals #cat #dog #friendship
2025-05-10 15:07:58,242 - __main__ - INFO - Video ID: zVK_WyNu9E0, Title: Cat and dog #shorts #tending #cat #dog
2025-05-10 15:07:58,247 - __main__ - INFO - Video ID: jC44k_hxdhI, Title: Love of cat and dog.cat.dog. Animals. funny cats. funny dog.
2025-05-10 15:07:58,254 - __main__ - INFO - Video ID: ArnMXP4ZyWI, Title: Chiken, cat and dog Which animal can catch bad guys #short #cat #dog #chicken
2025-05-10 15:07:58,259 - __main__ - INFO - Video ID: 79-ekxtqQMk, Title: Purpose bred cats and dogs vs mutts #narrowayhomestead #offgridlife #kittens #animals
2025-05-10 15:08:00,145 - __main__ - ERROR - No videos matched the duration/date filter.
2025-05-10 15:08:10,773 - __main__ - INFO - Starting YouTube video finder...
2025-05-10 15:08:25,641 - __main__ - INFO - YouTube search results:
2025-05-10 15:08:25,694 - __main__ - INFO - Video ID: -yhoEyf4tqE, Title: A Love So Beautiful-Michael Bolton
2025-05-10 15:08:25,697 - __main__ - INFO - Video ID: 70nZ2ObLSDQ, Title: Johnny Venus, 6LACK - So Beautiful (Official Music Video)
2025-05-10 15:08:25,770 - __main__ - INFO - Video ID: vwQhsqwh384, Title: Beautiful
2025-05-10 15:08:25,888 - __main__ - INFO - Video ID: L8Yy9FJbxyU, Title: Beautiful Women players Ep: 19 | Beautiful Volleyball players | Strong Womens in the world #shorts
2025-05-10 15:08:25,898 - __main__ - INFO - Video ID: hByfl2MPmNc, Title: beautiful
2025-05-10 15:08:25,917 - __main__ - INFO - Video ID: 4D87eiOM0AA, Title: Beautiful Poor Girl&#39;s Mesmerizing and Creepy Dance Performance #agt #dance
2025-05-10 15:08:25,946 - __main__ - INFO - Video ID: ffaPfgSOYfs, Title: Easy Simple Beautiful Front hand mehndi Design| sunithasmehndiart #mehndi #easymehndi #youtubeshorts
2025-05-10 15:08:25,962 - __main__ - INFO - Video ID: abJUiPFNkc0, Title: How so beautiful ? | Bhagwan Singh| Official video | Latest Romantic Song 2025|Punjabi trending song
2025-05-10 15:08:25,962 - __main__ - INFO - Video ID: Td7tTMp9U_s, Title: Bold and the Beautiful - 2005 (S18 E78) FULL EPISODE 4465
2025-05-10 15:08:27,094 - __main__ - ERROR - No videos matched the duration/date filter.
2025-05-10 15:08:38,220 - __main__ - INFO - Starting YouTube video finder...
2025-05-10 15:08:51,156 - __main__ - INFO - YouTube search results:
2025-05-10 15:08:51,156 - __main__ - INFO - Video ID: V_o16r_Yr2w, Title: Twinkle Twinkle Little Star + More Nursery Rhymes For Kids | Tum Tum Kids TV
2025-05-10 15:08:51,177 - __main__ - INFO - Video ID: 9DRC65i4h8c, Title: Twinkle Twinkle Little Star | Popular Nursery Rhymes &amp; Kids Songs | Fun &amp; Educational Music
2025-05-10 15:08:51,183 - __main__ - INFO - Video ID: -rcLceVZWrE, Title: Twinkle Twinkle Shiny Star | Magical Bedtime Song | Shasha Kids
2025-05-10 15:08:51,184 - __main__ - INFO - Video ID: jY1X9rUBsQs, Title: Twinkle Twinkle Little Star #ytshorts #trending #babysongs #popular #kidstv #shorts #viral
2025-05-10 15:08:51,191 - __main__ - INFO - Video ID: 6xmvX2DzqVI, Title: Twinkle Twinkle little star | @Rhyme Time Adventure | nursery rhymes and kids songs #nurseryrhymes
2025-05-10 15:08:51,206 - __main__ - INFO - Video ID: AXYPrO6DxQM, Title: Twinkle Twinkle Little Star | Longest Version 1 Hour | Bedtime Lullaby for Kids | CoComelon Style
2025-05-10 15:08:51,218 - __main__ - INFO - Video ID: xAePYp6gnr0, Title: #twinkle #rhymes #poem #englishrhymes #babyrhymes twinkle twinkle little star .#nursaryrhymes
2025-05-10 15:08:51,234 - __main__ - INFO - Video ID: -tE9enWLAXk, Title: Twinkle Twinkle Little Star | Kids Song | Nursery Rhyme | ChuttiBean Songs
2025-05-10 15:08:51,238 - __main__ - INFO - Video ID: 0CfsLu4FWhI, Title: Twinkle twinkle little star #shorts #twinkletwinkle #mskids #kidsshorts #baby
2025-05-10 15:08:51,239 - __main__ - INFO - Video ID: _HQiPrSGAuE, Title: Twinkle Twinkle Little Star - Budstoon #shorts
2025-05-10 15:08:51,241 - __main__ - INFO - Video ID: UZYXMUee6SM, Title: Twinkle Twinkle Little Star | Nursery Rhymes for Kids | Kids Song | Animated Poem @babybus
2025-05-10 15:08:51,241 - __main__ - INFO - Video ID: p5xJ9O75bGY, Title: Peek a Boo + Twinkle Twinkle Little Star - Nursery Rhymes &amp; Kids Songs | Baby Songs
2025-05-10 15:08:51,241 - __main__ - INFO - Video ID: YZYNaQVmnwU, Title: Twinkle Twinkle Little Star
2025-05-10 15:08:51,241 - __main__ - INFO - Video ID: tSPewPg-5Dw, Title: Twinkle Twinkle little star  | Nursery rhymes | lullaby
2025-05-10 15:08:51,250 - __main__ - INFO - Video ID: WRMI7oVM9B8, Title: twinkle twinkle little star poem ll twinkle twinkle little star nursary rhymes ll #kids #poem #rhyme
2025-05-10 15:08:51,250 - __main__ - INFO - Video ID: 1tvznkeycoo, Title: Twinkle Twinkle Little Star/ Nursery Rhymes/ English Rhymes/ Kids Rhymes/ Kids Song #rhymes #kids
2025-05-10 15:08:51,250 - __main__ - INFO - Video ID: SdkRPENKu9Q, Title: Lullaby | Twinkle, Twinkle, Little Star
2025-05-10 15:08:51,255 - __main__ - INFO - Video ID: 8yfXcc441pg, Title: Twinkle Twinkle Little Star | Sleep Music for Toddlers | Relaxing Lullabies for Deep Sleep
2025-05-10 15:08:51,256 - __main__ - INFO - Video ID: ss8HJ022JQA, Title: Twinkle Twinkle Little Star Like Never Before! | Kids Cartoon Song
2025-05-10 15:08:51,261 - __main__ - INFO - Video ID: IjOe82zG7J8, Title: Twinkle Twinkle Little Star - Nursery Rhyme for Kids | Learn with Fun Animation Song
2025-05-10 15:08:51,277 - __main__ - INFO - Video ID: On7TrnfHLS8, Title: Twinkle Twinkle Little Star - Night Version | Bedtime Lullaby for Kids | Soothing Sleep Rhyme
2025-05-10 15:08:51,277 - __main__ - INFO - Video ID: lFQ_FP5uvUw, Title: Twinkle Twinkle Little Star   Nursery Rhymes   Tasha&#39;s Adventures
2025-05-10 15:08:51,285 - __main__ - INFO - Video ID: 56stIX-iPxs, Title: Twinkle Twinkle Little Star Song
2025-05-10 15:08:51,285 - __main__ - INFO - Video ID: RVnpAb1mkAE, Title: Twinkle Twinkle Little Star | Twinkle Twinkle Nursery Rhymes | Kids Song | Little Wonders
2025-05-10 15:08:51,288 - __main__ - INFO - Video ID: 7KAfc572n-E, Title: Twinkle Twinkle Little Star + Muffin Man - Nursery Rhymes &amp; Kids Songs | Baby Songs
2025-05-10 15:08:51,294 - __main__ - INFO - Video ID: QLqrP9bm_iE, Title: Twinkle Twinkle Little Star – Nursery Rhyme for Kids (Clean Version)
2025-05-10 15:08:51,296 - __main__ - INFO - Video ID: 8RuLYN1OYL0, Title: Twinkle Twinkle Little Star | Popular Nursery Rhyme for Kids | Jumpy Rhymes Songs
2025-05-10 15:08:51,296 - __main__ - INFO - Video ID: satBNr4M5iU, Title: Best Lullaby For Kids I Twinkle Twinkle Little Star I Sleep Music For Kids To Go To Bed #lullaby
2025-05-10 15:08:51,296 - __main__ - INFO - Video ID: 4zx_QzOg-HU, Title: Twinkle twinkle little star #shorts #twinkletwinkle #mskids #kidsshorts #baby
2025-05-10 15:08:51,296 - __main__ - INFO - Video ID: WWRyREbcU5Y, Title: Twinkle Twinkle Little Star - Calming Lullaby (Nursery Rhyme for Babies &amp; Kids)
2025-05-10 15:08:51,296 - __main__ - INFO - Video ID: -q1O8Zed8Oc, Title: Twinkle Twinkle Little Star | Nursery Rhymes for Kids | Super Simple Songs
2025-05-10 15:08:51,296 - __main__ - INFO - Video ID: cgnvd8xwW9U, Title: Twinkle Twinkle little star | tinkerbell cartoon | Pixie Hollow
2025-05-10 15:08:51,475 - __main__ - INFO - Video ID: V_o16r_Yr2w, Title: Twinkle Twinkle Little Star + More Nursery Rhymes For Kids | Tum Tum Kids TV, Duration: 705.0 seconds
2025-05-10 15:08:51,773 - __main__ - INFO - Video ID: p5xJ9O75bGY, Title: Peek a Boo + Twinkle Twinkle Little Star - Nursery Rhymes &amp; Kids Songs | Baby Songs, Duration: 325.0 seconds
2025-05-10 15:08:52,385 - __main__ - INFO - Video ID: 7KAfc572n-E, Title: Twinkle Twinkle Little Star + Muffin Man - Nursery Rhymes &amp; Kids Songs | Baby Songs, Duration: 251.0 seconds
2025-05-10 15:10:42,546 - __main__ - INFO - Starting YouTube video finder...
2025-05-10 15:10:58,440 - __main__ - ERROR - Could not recognize speech.
2025-05-10 15:10:58,446 - __main__ - ERROR - No query provided.
2025-05-10 15:11:03,687 - __main__ - INFO - Starting YouTube video finder...
2025-05-10 15:11:14,905 - __main__ - INFO - YouTube search results:
2025-05-10 15:11:14,929 - __main__ - INFO - Video ID: RSnmnliIX_8, Title: Chocolate Milk Ice Cream With Choco Syrup | #shortsviral #shortfeed #chocolate #icecream
2025-05-10 15:11:14,929 - __main__ - INFO - Video ID: C_wpUjCOKrk, Title: Chocobar Ice cream recipe #chocolate #icecream #youtubeshorts #shorts #trending #viral #ytshorts #yt
2025-05-10 15:11:14,981 - __main__ - INFO - Video ID: 6fXvVfTAheo, Title: Weikfield Custard Powder Vanilla Ice Cream Recipe |How to Make Custard Powder Ice cream ?|Weikfield
2025-05-10 15:11:14,995 - __main__ - INFO - Video ID: 6OpduU1_rL0, Title: Trending Cornetto OREO #ritusculinaryarts #viralvideo
2025-05-10 15:11:14,995 - __main__ - INFO - Video ID: Y_WqDdz3zNc, Title: Ice cream walla #shorts
2025-05-10 15:11:15,008 - __main__ - INFO - Video ID: cSedTIIrix4, Title: Nestle Milkmaid Mix Chocolate Ice Cream Recipe |Nestle Milkmaid Ice Cream Recipe in Hindi | Icecream
2025-05-10 15:11:15,073 - __main__ - INFO - Video ID: LJIKcERfq2s, Title: 2 ingredients Mango Ice Cream So Creamy – Better Than Store-Bought! | Mango Icecream Recipe
2025-05-10 15:11:15,074 - __main__ - INFO - Video ID: -z7tXS_2niU, Title: 4 Easy &amp; Simple Ice-cream without Cream Only 2 Steps / Ice-cream Recipe/ Kulfi Recipe/ Popsicles
2025-05-10 15:11:15,080 - __main__ - INFO - Video ID: aimn0tbtO1s, Title: Same Ice Cream De Di ~ Sujal Thakral #shorts #ytshorts #youtubeshorts #funny #icecream #comedy
2025-05-10 15:11:15,152 - __main__ - INFO - Video ID: Lr31zj5ViUs, Title: Trending summer recipe of Mango Ice cream #shorts #mango #recipe #icecream
2025-05-10 15:11:15,153 - __main__ - INFO - Video ID: H47xfyuYBBk, Title: Turning the world&#39;s stinkiest tree into a bowl of ice cream #shorts #icecream #woodworking
2025-05-10 15:11:15,544 - __main__ - INFO - Video ID: 6fXvVfTAheo, Title: Weikfield Custard Powder Vanilla Ice Cream Recipe |How to Make Custard Powder Ice cream ?|Weikfield, Duration: 265.0 seconds
2025-05-10 15:11:15,647 - __main__ - INFO - Video ID: LJIKcERfq2s, Title: 2 ingredients Mango Ice Cream So Creamy – Better Than Store-Bought! | Mango Icecream Recipe, Duration: 305.0 seconds
2025-05-10 15:11:15,748 - __main__ - INFO - Video ID: -z7tXS_2niU, Title: 4 Easy &amp; Simple Ice-cream without Cream Only 2 Steps / Ice-cream Recipe/ Kulfi Recipe/ Popsicles, Duration: 252.0 seconds
